edit-tree.php called at 2025-06-30 17:58:09
POST data: Array
(
    [tree_id] => kpi29
    [tree_type] => measure
)

Sanitized - objectType: 'measure', objectId: 'kpi29'
Query: SELECT
        measure.id,
        measure.name,
        measure.calendarType,
        measure.measureType,
        measure.description,
        measure.linkedObject,
        measure.dataType,
        measure.aggregationType,
        measure.owner,
        measure.updater,
        measure.location,
        measure.red,
        measure.blue,
        measure.green,
        measure.darkgreen,
        measure.parentMeasure,
        measure.gaugeType,
        measure.weight,
        measure.archive,
        measure.sort,
        measure.tags
    FROM measure
    WHERE measure.id = 'kpi29'
Rows found: 1
Results: Array
(
    [0] => Array
        (
            [id] => kpi29
            [name] => Budget absorption rate
            [calendarType] => Monthly
            [measureType] => Standard KPI
            [description] => 
            [linkedObject] => obj121
            [dataType] => Percentage(%)
            [aggregationType] => Last Value
            [owner] => ind0
            [updater] => ind0
            [location] => 
            [red] => 78
            [blue] => 0
            [green] => 100
            [darkgreen] => 
            [parentMeasure] => 
            [gaugeType] => threeColor
            [weight] => 
            [archive] => No
            [sort] => 3000
            [tags] => []
        )

)

edit-tree.php called at 2025-06-30 18:06:18
POST data: Array
(
    [tree_id] => kpi29
    [tree_type] => measure
)

Sanitized - objectType: 'measure', objectId: 'kpi29'
Query: SELECT
        measure.id,
        measure.name,
        measure.calendarType,
        measure.measureType,
        measure.description,
        measure.linkedObject,
        measure.dataType,
        measure.aggregationType,
        measure.owner,
        measure.updater,
        measure.location,
        measure.red,
        measure.blue,
        measure.green,
        measure.darkgreen,
        measure.parentMeasure,
        measure.gaugeType,
        measure.weight,
        measure.archive,
        measure.sort,
        measure.tags
    FROM measure
    WHERE measure.id = 'kpi29'
Rows found: 1
Results: Array
(
    [0] => Array
        (
            [id] => kpi29
            [name] => Budget absorption rate
            [calendarType] => Monthly
            [measureType] => Standard KPI
            [description] => 
            [linkedObject] => obj121
            [dataType] => Percentage(%)
            [aggregationType] => Last Value
            [owner] => ind0
            [updater] => ind0
            [location] => 
            [red] => 78
            [blue] => 0
            [green] => 100
            [darkgreen] => 
            [parentMeasure] => 
            [gaugeType] => threeColor
            [weight] => 
            [archive] => No
            [sort] => 3000
            [tags] => []
        )

)

edit-tree.php called at 2025-06-30 18:08:40
POST data: Array
(
    [tree_id] => kpi29
    [tree_type] => measure
)

Sanitized - objectType: 'measure', objectId: 'kpi29'
Query: SELECT
        measure.id,
        measure.name,
        measure.calendarType,
        measure.measureType,
        measure.description,
        measure.linkedObject,
        measure.dataType,
        measure.aggregationType,
        measure.owner,
        measure.updater,
        measure.location,
        measure.red,
        measure.blue,
        measure.green,
        measure.darkgreen,
        measure.parentMeasure,
        measure.gaugeType,
        measure.weight,
        measure.archive,
        measure.sort,
        measure.tags
    FROM measure
    WHERE measure.id = 'kpi29'
Rows found: 1
Results: Array
(
    [0] => Array
        (
            [id] => kpi29
            [name] => Budget absorption rate
            [calendarType] => Monthly
            [measureType] => Standard KPI
            [description] => 
            [linkedObject] => obj121
            [dataType] => Percentage(%)
            [aggregationType] => Last Value
            [owner] => 
            [updater] => 
            [location] => 
            [red] => 78
            [blue] => 0
            [green] => 100
            [darkgreen] => 
            [parentMeasure] => 
            [gaugeType] => threeColor
            [weight] => 
            [archive] => No
            [sort] => 3000
            [tags] => []
        )

)

edit-tree.php called at 2025-06-30 18:10:26
POST data: Array
(
    [tree_id] => kpi29
    [tree_type] => measure
)

Sanitized - objectType: 'measure', objectId: 'kpi29'
Query: SELECT
        measure.id,
        measure.name,
        measure.calendarType,
        measure.measureType,
        measure.description,
        measure.linkedObject,
        measure.dataType,
        measure.aggregationType,
        measure.owner,
        measure.updater,
        measure.location,
        measure.red,
        measure.blue,
        measure.green,
        measure.darkgreen,
        measure.parentMeasure,
        measure.gaugeType,
        measure.weight,
        measure.archive,
        measure.sort,
        measure.tags
    FROM measure
    WHERE measure.id = 'kpi29'
Rows found: 1
Results: Array
(
    [0] => Array
        (
            [id] => kpi29
            [name] => Budget absorption rate
            [calendarType] => Monthly
            [measureType] => Standard KPI
            [description] => 
            [linkedObject] => obj121
            [dataType] => Percentage(%)
            [aggregationType] => Last Value
            [owner] => 
            [updater] => 
            [location] => 
            [red] => 78
            [blue] => 0
            [green] => 100
            [darkgreen] => 
            [parentMeasure] => 
            [gaugeType] => threeColor
            [weight] => 
            [archive] => No
            [sort] => 3000
            [tags] => []
        )

)

edit-tree.php called at 2025-06-30 18:13:51
POST data: Array
(
    [tree_id] => kpi29
    [tree_type] => measure
)

Sanitized - objectType: 'measure', objectId: 'kpi29'
Query: SELECT
        measure.id,
        measure.name,
        measure.calendarType,
        measure.measureType,
        measure.description,
        measure.linkedObject,
        measure.dataType,
        measure.aggregationType,
        measure.owner,
        measure.updater,
        measure.location,
        measure.red,
        measure.blue,
        measure.green,
        measure.darkgreen,
        measure.parentMeasure,
        measure.gaugeType,
        measure.weight,
        measure.archive,
        measure.sort,
        measure.tags
    FROM measure
    WHERE measure.id = 'kpi29'
Rows found: 1
Results: Array
(
    [0] => Array
        (
            [id] => kpi29
            [name] => Budget absorption rate
            [calendarType] => Monthly
            [measureType] => Standard KPI
            [description] => 
            [linkedObject] => obj121
            [dataType] => Percentage(%)
            [aggregationType] => Last Value
            [owner] => 
            [updater] => 
            [location] => 
            [red] => 78
            [blue] => 0
            [green] => 100
            [darkgreen] => 
            [parentMeasure] => 
            [gaugeType] => threeColor
            [weight] => 
            [archive] => No
            [sort] => 3000
            [tags] => []
        )

)

edit-tree.php called at 2025-06-30 18:16:24
POST data: Array
(
    [tree_id] => kpi29
    [tree_type] => measure
)

Sanitized - objectType: 'measure', objectId: 'kpi29'
Query: SELECT
        measure.id,
        measure.name,
        measure.calendarType,
        measure.measureType,
        measure.description,
        measure.linkedObject,
        measure.dataType,
        measure.aggregationType,
        measure.owner,
        measure.updater,
        measure.location,
        measure.red,
        measure.blue,
        measure.green,
        measure.darkgreen,
        measure.parentMeasure,
        measure.gaugeType,
        measure.weight,
        measure.archive,
        measure.sort,
        measure.tags
    FROM measure
    WHERE measure.id = 'kpi29'
Rows found: 1
Results: Array
(
    [0] => Array
        (
            [id] => kpi29
            [name] => Budget absorption rate
            [calendarType] => Monthly
            [measureType] => Standard KPI
            [description] => 
            [linkedObject] => obj121
            [dataType] => Percentage(%)
            [aggregationType] => Last Value
            [owner] => 
            [updater] => 
            [location] => 
            [red] => 78
            [blue] => 0
            [green] => 100
            [darkgreen] => 
            [parentMeasure] => 
            [gaugeType] => threeColor
            [weight] => 
            [archive] => No
            [sort] => 3000
            [tags] => []
        )

)

edit-tree.php called at 2025-06-30 18:18:29
POST data: Array
(
    [tree_id] => kpi29
    [tree_type] => measure
)

Sanitized - objectType: 'measure', objectId: 'kpi29'
Query: SELECT
        measure.id,
        measure.name,
        measure.calendarType,
        measure.measureType,
        measure.description,
        measure.linkedObject,
        measure.dataType,
        measure.aggregationType,
        measure.owner,
        measure.updater,
        measure.location,
        measure.red,
        measure.blue,
        measure.green,
        measure.darkgreen,
        measure.parentMeasure,
        measure.gaugeType,
        measure.weight,
        measure.archive,
        measure.sort,
        measure.tags
    FROM measure
    WHERE measure.id = 'kpi29'
Rows found: 1
Results: Array
(
    [0] => Array
        (
            [id] => kpi29
            [name] => Budget absorption rate
            [calendarType] => Monthly
            [measureType] => Standard KPI
            [description] => 
            [linkedObject] => obj121
            [dataType] => Percentage(%)
            [aggregationType] => Last Value
            [owner] => ind8
            [updater] => ind8
            [location] => 
            [red] => 78
            [blue] => 0
            [green] => 100
            [darkgreen] => 
            [parentMeasure] => 
            [gaugeType] => threeColor
            [weight] => 
            [archive] => No
            [sort] => 3000
            [tags] => []
        )

)

edit-tree.php called at 2025-06-30 18:19:01
POST data: Array
(
    [tree_id] => kpi29
    [tree_type] => measure
)

Sanitized - objectType: 'measure', objectId: 'kpi29'
Query: SELECT
        measure.id,
        measure.name,
        measure.calendarType,
        measure.measureType,
        measure.description,
        measure.linkedObject,
        measure.dataType,
        measure.aggregationType,
        measure.owner,
        measure.updater,
        measure.location,
        measure.red,
        measure.blue,
        measure.green,
        measure.darkgreen,
        measure.parentMeasure,
        measure.gaugeType,
        measure.weight,
        measure.archive,
        measure.sort,
        measure.tags
    FROM measure
    WHERE measure.id = 'kpi29'
Rows found: 1
Results: Array
(
    [0] => Array
        (
            [id] => kpi29
            [name] => Budget absorption rate
            [calendarType] => Monthly
            [measureType] => Standard KPI
            [description] => 
            [linkedObject] => obj121
            [dataType] => Percentage(%)
            [aggregationType] => Last Value
            [owner] => ind8
            [updater] => ind8
            [location] => 
            [red] => 78
            [blue] => 0
            [green] => 100
            [darkgreen] => 
            [parentMeasure] => 
            [gaugeType] => threeColor
            [weight] => 
            [archive] => No
            [sort] => 3000
            [tags] => []
        )

)

edit-tree.php called at 2025-06-30 18:19:10
POST data: Array
(
    [tree_id] => kpi29
    [tree_type] => measure
)

Sanitized - objectType: 'measure', objectId: 'kpi29'
Query: SELECT
        measure.id,
        measure.name,
        measure.calendarType,
        measure.measureType,
        measure.description,
        measure.linkedObject,
        measure.dataType,
        measure.aggregationType,
        measure.owner,
        measure.updater,
        measure.location,
        measure.red,
        measure.blue,
        measure.green,
        measure.darkgreen,
        measure.parentMeasure,
        measure.gaugeType,
        measure.weight,
        measure.archive,
        measure.sort,
        measure.tags
    FROM measure
    WHERE measure.id = 'kpi29'
Rows found: 1
Results: Array
(
    [0] => Array
        (
            [id] => kpi29
            [name] => Budget absorption rate
            [calendarType] => Monthly
            [measureType] => Standard KPI
            [description] => 
            [linkedObject] => obj121
            [dataType] => Percentage(%)
            [aggregationType] => Last Value
            [owner] => ind8
            [updater] => ind8
            [location] => 
            [red] => 78
            [blue] => 0
            [green] => 100
            [darkgreen] => 
            [parentMeasure] => 
            [gaugeType] => threeColor
            [weight] => 
            [archive] => No
            [sort] => 3000
            [tags] => [{"value":"ind8","label":"Eunice Kitche"}]
        )

)

edit-tree.php called at 2025-06-30 18:22:55
POST data: Array
(
    [tree_id] => kpi31
    [tree_type] => measure
)

Sanitized - objectType: 'measure', objectId: 'kpi31'
Query: SELECT
        measure.id,
        measure.name,
        measure.calendarType,
        measure.measureType,
        measure.description,
        measure.linkedObject,
        measure.dataType,
        measure.aggregationType,
        measure.owner,
        measure.updater,
        measure.location,
        measure.red,
        measure.blue,
        measure.green,
        measure.darkgreen,
        measure.parentMeasure,
        measure.gaugeType,
        measure.weight,
        measure.archive,
        measure.sort,
        measure.tags
    FROM measure
    WHERE measure.id = 'kpi31'
Rows found: 1
Results: Array
(
    [0] => Array
        (
            [id] => kpi31
            [name] => Implementation of board resolutions
            [calendarType] => Monthly
            [measureType] => Standard KPI
            [description] => 
            [linkedObject] => obj121
            [dataType] => Percentage(%)
            [aggregationType] => Last Value
            [owner] => ind0
            [updater] => ind0
            [location] => 
            [red] => 79.6
            [blue] => 0
            [green] => 100
            [darkgreen] => 0
            [parentMeasure] => 
            [gaugeType] => threeColor
            [weight] => 
            [archive] => No
            [sort] => 3000
            [tags] => []
        )

)

edit-tree.php called at 2025-06-30 18:23:58
POST data: Array
(
    [tree_id] => kpi30
    [tree_type] => measure
)

Sanitized - objectType: 'measure', objectId: 'kpi30'
Query: SELECT
        measure.id,
        measure.name,
        measure.calendarType,
        measure.measureType,
        measure.description,
        measure.linkedObject,
        measure.dataType,
        measure.aggregationType,
        measure.owner,
        measure.updater,
        measure.location,
        measure.red,
        measure.blue,
        measure.green,
        measure.darkgreen,
        measure.parentMeasure,
        measure.gaugeType,
        measure.weight,
        measure.archive,
        measure.sort,
        measure.tags
    FROM measure
    WHERE measure.id = 'kpi30'
Rows found: 1
Results: Array
(
    [0] => Array
        (
            [id] => kpi30
            [name] => Level of adherence to procurement plan
            [calendarType] => Monthly
            [measureType] => Standard KPI
            [description] => 
            [linkedObject] => obj121
            [dataType] => Percentage(%)
            [aggregationType] => Last Value
            [owner] => ind0
            [updater] => ind0
            [location] => 
            [red] => 100
            [blue] => 0
            [green] => 93
            [darkgreen] => 0
            [parentMeasure] => 
            [gaugeType] => threeColor
            [weight] => 
            [archive] => No
            [sort] => 3000
            [tags] => []
        )

)

edit-tree.php called at 2025-06-30 18:40:41
POST data: Array
(
    [tree_id] => kpi32
    [tree_type] => measure
)

Sanitized - objectType: 'measure', objectId: 'kpi32'
Query: SELECT
        measure.id,
        measure.name,
        measure.calendarType,
        measure.measureType,
        measure.description,
        measure.linkedObject,
        measure.dataType,
        measure.aggregationType,
        measure.owner,
        measure.updater,
        measure.location,
        measure.red,
        measure.blue,
        measure.green,
        measure.darkgreen,
        measure.parentMeasure,
        measure.gaugeType,
        measure.weight,
        measure.archive,
        measure.sort,
        measure.tags
    FROM measure
    WHERE measure.id = 'kpi32'
Rows found: 1
Results: Array
(
    [0] => Array
        (
            [id] => kpi32
            [name] => Management of Litigation Costs
            [calendarType] => Monthly
            [measureType] => Standard KPI
            [description] => 
            [linkedObject] => obj121
            [dataType] => Percentage(%)
            [aggregationType] => Last Value
            [owner] => ind0
            [updater] => ind0
            [location] => 
            [red] => 79.6
            [blue] => 0
            [green] => 100
            [darkgreen] => 0
            [parentMeasure] => 
            [gaugeType] => threeColor
            [weight] => 
            [archive] => No
            [sort] => 3000
            [tags] => ind8
        )

)

